12125313913---$VAR1 = {
          'ani' => '(212) 531-3913',
          'aniEmail' => '',
          'aniName' => '',
          'ani_E164' => '12125313913',
          'ani_error' => 0,
          'ani_error_format' => 0,
          'ani_error_in_use' => 0,
          'ani_error_locked' => 0,
          'ani_error_no_rate' => 0,
          'ani_ok' => 1,
          'ani_provider_found' => 1,
          'ani_provider_id' => '18',
          'ani_provider_is_mobile' => 0,
          'ani_provider_is_premium' => 1,
          'ani_provider_name' => 'Verizon New York, Inc.',
          'ani_provider_type_' => 1,
          'coupon_assigned' => 1,
          'coupon_default_ani_locked' => 0,
          'coupon_default_error' => 0,
          'coupon_default_exists' => 1,
          'coupon_default_in_stock' => 1,
          'coupon_default_stock_qtd' => 987,
          'coupon_default_title' => '1000 minutes free to call Skype',
          'coupon_default_type_id' => '3',
          'coupon_error' => 0,
          'coupon_error_accepted' => 1,
          'coupon_exists' => 1,
          'coupon_in_stock' => 1,
          'coupon_is_premium' => 1,
          'coupon_premium_ani_locked' => 0,
          'coupon_premium_error' => 0,
          'coupon_premium_exists' => 1,
          'coupon_premium_in_stock' => 1,
          'coupon_premium_stock_qtd' => 1309,
          'coupon_premium_title' => '$5 dollars free over 10 days',
          'coupon_premium_type_id' => '1',
          'coupon_stock_qtd' => 1309,
          'coupon_title' => '$5 dollars free over 10 days',
          'coupon_type_id' => '1',
          'debug' => 'ENVIANDO PIN<br>',
          'dst' => '(212) 531-3913',
          'dst_E164' => '12125313913',
          'dst_error' => 0,
          'dst_error_format' => 0,
          'dst_error_no_rate' => 0,
          'dst_ok' => 1,
          'form_error' => undef,
          'invite_id' => 'camara',
          'invite_ok' => 1,
          'invite_service_id' => '35821',
          'invite_service_name' => 'camara',
          'invite_signin_coupon_default_id' => 3,
          'invite_signin_coupon_premium_id' => 1,
          'invite_signin_status' => '10',
          'invite_signin_status_default' => '12',
          'invite_signin_status_premium' => '10',
          'mode' => 'add_ok',
          'mode_add_ok' => 1,
          'my_url' => 'ani.add.cgi',
          'pin' => '2789',
          'pin_ok' => 1,
          'pin_send' => 1,
          'rate_table_for_ani' => '2',
          'rate_table_for_dst' => '43',
          'service_found' => 0,
          'service_id' => '51223',
          'signin_found' => 0,
          'signin_id' => '26568',
          'signin_ok' => 0,
          'signin_pin' => '95352789',
          'signin_pin_formated' => '95-35-2789',
          'signin_pin_found' => 0,
          'terms' => 1
        };

