1646379734---$VAR1 = {
          'ani' => '11646379734',
          'aniEmail' => '',
          'aniName' => '',
          'ani_error' => 1,
          'ani_error_format' => 0,
          'ani_error_in_use' => 0,
          'ani_error_locked' => 0,
          'ani_error_no_rate' => 1,
          'ani_ok' => 0,
          'ani_provider_found' => 0,
          'coupon_default_ani_locked' => 0,
          'coupon_default_error' => 0,
          'coupon_default_exists' => 1,
          'coupon_default_in_stock' => 1,
          'coupon_default_stock_qtd' => 996,
          'coupon_default_title' => '1000 minutes free to call Skype',
          'coupon_default_type_id' => '3',
          'coupon_error' => 0,
          'coupon_error_accepted' => 1,
          'coupon_exists' => 1,
          'coupon_in_stock' => 1,
          'coupon_is_premium' => 0,
          'coupon_premium_ani_locked' => 0,
          'coupon_premium_error' => 0,
          'coupon_premium_exists' => 1,
          'coupon_premium_in_stock' => 1,
          'coupon_premium_stock_qtd' => 1461,
          'coupon_premium_title' => '$5 dollars free over 10 days',
          'coupon_premium_type_id' => '1',
          'coupon_stock_qtd' => 996,
          'coupon_title' => '1000 minutes free to call Skype',
          'coupon_type_id' => '3',
          'dst' => '(164) 637-9734',
          'dst_E164' => '11646379734',
          'dst_error' => 0,
          'dst_error_format' => 0,
          'dst_error_no_rate' => 0,
          'dst_ok' => 1,
          'error_string' => 'ANI Proper rate not found',
          'form_error' => 1,
          'form_error_ani_empty' => undef,
          'form_error_ani_format' => 0,
          'form_error_ani_in_use' => 0,
          'form_error_ani_locked' => 0,
          'form_error_ani_no_rate' => 1,
          'invite_id' => 'soup',
          'invite_ok' => 1,
          'invite_service_id' => '1',
          'invite_service_name' => 'patient zero',
          'invite_signin_coupon_default_id' => 3,
          'invite_signin_coupon_premium_id' => 1,
          'invite_signin_status' => '12',
          'invite_signin_status_default' => '12',
          'invite_signin_status_premium' => '10',
          'mode' => 'signin_step_2',
          'mode_signin_step_2' => 1,
          'my_url' => 'ani.add.cgi',
          'pin' => '',
          'rate_table_for_ani' => '2',
          'rate_table_for_dst' => '25',
          'service_found' => 0,
          'signin_found' => 0,
          'signin_ok' => 0,
          'signin_pin' => '29209459',
          'signin_pin_formated' => '29-20-9459',
          'signin_pin_found' => 0,
          'terms' => 1
        };

