16462529944[---$VAR1 = {
          'ani' => '(646) 252-9944',
          'aniEmail' => '16462529944@gmail.com[',
          'aniName' => '9944',
          'ani_E164' => '16462529944',
          'ani_error' => 0,
          'ani_error_format' => 0,
          'ani_error_in_use' => 0,
          'ani_error_locked' => 0,
          'ani_error_no_rate' => 0,
          'ani_ok' => 1,
          'ani_provider_found' => 1,
          'ani_provider_id' => '18',
          'ani_provider_is_mobile' => 0,
          'ani_provider_is_premium' => 1,
          'ani_provider_name' => 'Verizon New York, Inc.',
          'ani_provider_type_' => 1,
          'coupon_assigned' => 1,
          'coupon_default_ani_locked' => 0,
          'coupon_default_error' => 0,
          'coupon_default_exists' => 1,
          'coupon_default_in_stock' => 1,
          'coupon_default_stock_qtd' => 976,
          'coupon_default_title' => '1000 minutes free to call Skype',
          'coupon_default_type_id' => '3',
          'coupon_error' => 0,
          'coupon_error_accepted' => 1,
          'coupon_exists' => 1,
          'coupon_in_stock' => 1,
          'coupon_is_premium' => 1,
          'coupon_premium_ani_locked' => 0,
          'coupon_premium_error' => 0,
          'coupon_premium_exists' => 1,
          'coupon_premium_in_stock' => 1,
          'coupon_premium_stock_qtd' => 692,
          'coupon_premium_title' => '$5 dollars free over 10 days',
          'coupon_premium_type_id' => '1',
          'coupon_stock_qtd' => 692,
          'coupon_title' => '$5 dollars free over 10 days',
          'coupon_type_id' => '1',
          'debug' => 'ENVIANDO PIN<br>',
          'dst' => '011 213 (164) 625-29944',
          'dst_E164' => '21316462529944',
          'dst_error' => 0,
          'dst_error_format' => 0,
          'dst_error_no_rate' => 0,
          'dst_ok' => 1,
          'form_error' => undef,
          'invite_id' => 'soup',
          'invite_ok' => 1,
          'invite_service_id' => '1',
          'invite_service_name' => 'patient zero',
          'invite_signin_coupon_default_id' => 3,
          'invite_signin_coupon_premium_id' => 1,
          'invite_signin_status' => '10',
          'invite_signin_status_default' => '12',
          'invite_signin_status_premium' => '10',
          'mode' => 'add_ok',
          'mode_add_ok' => 1,
          'my_url' => 'ani.add.cgi',
          'pin' => '3302',
          'pin_ok' => 1,
          'pin_send' => 1,
          'rate_table_for_ani' => '2',
          'rate_table_for_dst' => '25',
          'service_found' => 0,
          'service_id' => '51858',
          'signin_found' => 0,
          'signin_id' => '27237',
          'signin_ok' => 0,
          'signin_pin' => '81973302',
          'signin_pin_formated' => '81-97-3302',
          'signin_pin_found' => 0,
          'terms' => 1
        };

